Library/Bee/Android/Prj/IL2CPP/Gradle/launcher/build/intermediates/manifest_merge_blame_file/release/manifest-merger-blame-release-report.txt
1<?xml version="1.0" encoding="utf-8"?>
2<manifest xmlns:android="http://schemas.android.com/apk/res/android"
3    package="com.macrotellect.BrainLinkBluetoothSDK"
4    android:installLocation="preferExternal"
5    android:versionCode="1"
6    android:versionName="1.0" >
7
8    <uses-sdk
9        android:minSdkVersion="29"
9-->src\main\AndroidManifest.xml
10        android:targetSdkVersion="30" />
10-->src\main\AndroidManifest.xml
11
12    <supports-screens
12-->src\main\AndroidManifest.xml:4:3-163
13        android:anyDensity="true"
13-->src\main\AndroidManifest.xml:4:135-160
14        android:largeScreens="true"
14-->src\main\AndroidManifest.xml:4:78-105
15        android:normalScreens="true"
15-->src\main\AndroidManifest.xml:4:49-77
16        android:smallScreens="true"
16-->src\main\AndroidManifest.xml:4:21-48
17        android:xlargeScreens="true" />
17-->src\main\AndroidManifest.xml:4:106-134
18
19    <uses-permission android:name="android.permission.BLUETOOTH" />
19-->[:unityLibrary] AndroidManifest.xml:10:5-68
19-->[:unityLibrary] AndroidManifest.xml:10:22-65
20    <uses-permission android:name="android.permission.BLUETOOTH_ADMIN" />
20-->[:unityLibrary] AndroidManifest.xml:11:5-74
20-->[:unityLibrary] AndroidManifest.xml:11:22-71
21    <uses-permission android:name="android.permission.BLUETOOTH_PRIVILEGED" />
21-->[:unityLibrary] AndroidManifest.xml:12:5-79
21-->[:unityLibrary] AndroidManifest.xml:12:22-76
22    <uses-permission android:name="android.permission.ACCESS_COARSE_LOCATION" />
22-->[:unityLibrary] AndroidManifest.xml:13:5-81
22-->[:unityLibrary] AndroidManifest.xml:13:22-78
23    <uses-permission android:name="android.permission.ACCESS_FINE_LOCATION" />
23-->[:unityLibrary] AndroidManifest.xml:14:5-79
23-->[:unityLibrary] AndroidManifest.xml:14:22-76
24    <uses-permission android:name="android.permission.INTERNET" />
24-->[:unityLibrary] AndroidManifest.xml:15:5-67
24-->[:unityLibrary] AndroidManifest.xml:15:22-64
25
26    <uses-feature android:glEsVersion="0x00020000" />
26-->[:unityLibrary] AndroidManifest.xml:17:5-54
26-->[:unityLibrary] AndroidManifest.xml:17:19-51
27    <uses-feature
27-->[:unityLibrary] AndroidManifest.xml:18:5-20:36
28        android:name="android.hardware.touchscreen"
28-->[:unityLibrary] AndroidManifest.xml:19:9-52
29        android:required="false" />
29-->[:unityLibrary] AndroidManifest.xml:20:9-33
30    <uses-feature
30-->[:unityLibrary] AndroidManifest.xml:21:5-23:36
31        android:name="android.hardware.touchscreen.multitouch"
31-->[:unityLibrary] AndroidManifest.xml:22:9-63
32        android:required="false" />
32-->[:unityLibrary] AndroidManifest.xml:23:9-33
33    <uses-feature
33-->[:unityLibrary] AndroidManifest.xml:24:5-26:36
34        android:name="android.hardware.touchscreen.multitouch.distinct"
34-->[:unityLibrary] AndroidManifest.xml:25:9-72
35        android:required="false" />
35-->[:unityLibrary] AndroidManifest.xml:26:9-33
36
37    <application
37-->src\main\AndroidManifest.xml:3:3-83
38        android:appComponentFactory="androidx.core.app.CoreComponentFactory"
38-->[androidx.core:core:1.1.0] AndroidManifest.xml:24:18-86
39        android:extractNativeLibs="true"
39-->[:unityLibrary] AndroidManifest.xml:28:18-50
40        android:icon="@mipmap/app_icon"
40-->src\main\AndroidManifest.xml:3:49-80
41        android:label="@string/app_name" >
41-->src\main\AndroidManifest.xml:3:16-48
42        <meta-data
42-->[:unityLibrary] AndroidManifest.xml:29:9-31:33
43            android:name="unity.splash-mode"
43-->[:unityLibrary] AndroidManifest.xml:30:13-45
44            android:value="0" />
44-->[:unityLibrary] AndroidManifest.xml:31:13-30
45        <meta-data
45-->[:unityLibrary] AndroidManifest.xml:32:9-34:36
46            android:name="unity.splash-enable"
46-->[:unityLibrary] AndroidManifest.xml:33:13-47
47            android:value="True" />
47-->[:unityLibrary] AndroidManifest.xml:34:13-33
48        <meta-data
48-->[:unityLibrary] AndroidManifest.xml:35:9-37:36
49            android:name="unity.launch-fullscreen"
49-->[:unityLibrary] AndroidManifest.xml:36:13-51
50            android:value="True" />
50-->[:unityLibrary] AndroidManifest.xml:37:13-33
51        <meta-data
51-->[:unityLibrary] AndroidManifest.xml:38:9-40:37
52            android:name="unity.allow-resizable-window"
52-->[:unityLibrary] AndroidManifest.xml:39:13-56
53            android:value="False" />
53-->[:unityLibrary] AndroidManifest.xml:40:13-34
54
55        <activity
55-->[:unityLibrary] AndroidManifest.xml:42:9-59:20
56            android:name="com.unity3d.player.UnityPlayerActivity"
56-->[:unityLibrary] AndroidManifest.xml:43:13-66
57            android:configChanges="mcc|mnc|locale|touchscreen|keyboard|keyboardHidden|navigation|orientation|screenLayout|uiMode|screenSize|smallestScreenSize|fontScale|layoutDirection|density"
57-->[:unityLibrary] AndroidManifest.xml:44:13-194
58            android:hardwareAccelerated="false"
58-->[:unityLibrary] AndroidManifest.xml:45:13-48
59            android:launchMode="singleTask"
59-->[:unityLibrary] AndroidManifest.xml:46:13-44
60            android:resizeableActivity="false"
60-->[:unityLibrary] AndroidManifest.xml:47:13-47
61            android:screenOrientation="fullUser"
61-->[:unityLibrary] AndroidManifest.xml:48:13-49
62            android:theme="@style/UnityThemeSelector" >
62-->[:unityLibrary] AndroidManifest.xml:49:13-54
63            <intent-filter>
63-->[:unityLibrary] AndroidManifest.xml:50:13-54:29
64                <category android:name="android.intent.category.LAUNCHER" />
64-->[:unityLibrary] AndroidManifest.xml:51:17-77
64-->[:unityLibrary] AndroidManifest.xml:51:27-74
65
66                <action android:name="android.intent.action.MAIN" />
66-->[:unityLibrary] AndroidManifest.xml:53:17-69
66-->[:unityLibrary] AndroidManifest.xml:53:25-66
67            </intent-filter>
68
69            <meta-data
69-->[:unityLibrary] AndroidManifest.xml:56:13-58:40
70                android:name="unityplayer.UnityActivity"
70-->[:unityLibrary] AndroidManifest.xml:57:17-57
71                android:value="true" />
71-->[:unityLibrary] AndroidManifest.xml:58:17-37
72        </activity>
73        <activity android:name="com.macrotellect.unityforandroidsdk.UnitySDK" />
73-->[:UnityForAndroidSDK V1.3.3:] AndroidManifest.xml:17:9-81
73-->[:UnityForAndroidSDK V1.3.3:] AndroidManifest.xml:17:19-78
74    </application>
75
76</manifest>